2019-07-19 13:14:57.443  INFO 62341 --- [restartedMain] c.p.s.h.HelloWorldApplication            : Starting HelloWorldApplication on Praveens-MBP-3.ad.moneygram.com with PID 62341 (/Users/moneygram-praveen/Desktop/SpringProjects/chapter1_1/target/classes started by moneygram-praveen in /Users/moneygram-praveen/Desktop/SpringProjects/chapter1_1)
2019-07-19 13:14:57.451  INFO 62341 --- [restartedMain] c.p.s.h.HelloWorldApplication            : No active profile set, falling back to default profiles: default
2019-07-19 13:14:57.494  INFO 62341 --- [restartedMain] .e.DevToolsPropertyDefaultsPostProcessor : Devtools property defaults active! Set 'spring.devtools.add-properties' to 'false' to disable
2019-07-19 13:14:57.494  INFO 62341 --- [restartedMain] .e.DevToolsPropertyDefaultsPostProcessor : For additional web related logging consider setting the 'logging.level.web' property to 'DEBUG'
2019-07-19 13:14:58.399  INFO 62341 --- [restartedMain] o.s.b.w.e.t.TomcatWebServer              : Tomcat initialized with port(s): 8080 (http)
2019-07-19 13:14:58.435  INFO 62341 --- [restartedMain] o.a.c.c.StandardService                  : Starting service [Tomcat]
2019-07-19 13:14:58.436  INFO 62341 --- [restartedMain] o.a.c.c.StandardEngine                   : Starting Servlet engine: [Apache Tomcat/9.0.21]
2019-07-19 13:14:58.529  INFO 62341 --- [restartedMain] o.a.c.c.C.[.[.[/]                        : Initializing Spring embedded WebApplicationContext
2019-07-19 13:14:58.530 DEBUG 62341 --- [restartedMain] o.s.w.c.ContextLoader                    : Published root WebApplicationContext as ServletContext attribute with name [org.springframework.web.context.WebApplicationContext.ROOT]
2019-07-19 13:14:58.530  INFO 62341 --- [restartedMain] o.s.w.c.ContextLoader                    : Root WebApplicationContext: initialization completed in 1036 ms
2019-07-19 13:14:58.601 DEBUG 62341 --- [restartedMain] o.s.w.s.h.SimpleUrlHandlerMapping        : Patterns [/**/favicon.ico] in 'faviconHandlerMapping'
2019-07-19 13:14:58.669  INFO 62341 --- [restartedMain] o.s.s.c.ThreadPoolTaskExecutor           : Initializing ExecutorService 'applicationTaskExecutor'
2019-07-19 13:14:58.676 DEBUG 62341 --- [restartedMain] s.w.s.m.m.a.RequestMappingHandlerAdapter : ControllerAdvice beans: 0 @ModelAttribute, 0 @InitBinder, 1 RequestBodyAdvice, 1 ResponseBodyAdvice
2019-07-19 13:14:58.705 DEBUG 62341 --- [restartedMain] s.w.s.m.m.a.RequestMappingHandlerMapping : 2 mappings in 'requestMappingHandlerMapping'
2019-07-19 13:14:58.711 DEBUG 62341 --- [restartedMain] o.s.w.s.h.SimpleUrlHandlerMapping        : Patterns [/webjars/**, /**] in 'resourceHandlerMapping'
2019-07-19 13:14:58.716 DEBUG 62341 --- [restartedMain] .m.m.a.ExceptionHandlerExceptionResolver : ControllerAdvice beans: 0 @ExceptionHandler, 1 ResponseBodyAdvice
2019-07-19 13:14:58.777  INFO 62341 --- [restartedMain] o.s.b.d.a.OptionalLiveReloadServer       : LiveReload server is running on port 35729
2019-07-19 13:14:58.826 ERROR 62341 --- [restartedMain] o.a.c.u.LifecycleBase                    : Failed to start component [Connector[HTTP/1.1-8080]]

org.apache.catalina.LifecycleException: Protocol handler start failed
	at org.apache.catalina.connector.Connector.startInternal(Connector.java:1008) ~[tomcat-embed-core-9.0.21.jar:9.0.21]
	at org.apache.catalina.util.LifecycleBase.start(LifecycleBase.java:183) [tomcat-embed-core-9.0.21.jar:9.0.21]
	at org.apache.catalina.core.StandardService.addConnector(StandardService.java:227) [tomcat-embed-core-9.0.21.jar:9.0.21]
	at org.springframework.boot.web.embedded.tomcat.TomcatWebServer.addPreviouslyRemovedConnectors(TomcatWebServer.java:263) [spring-boot-2.1.6.RELEASE.jar:2.1.6.RELEASE]
	at org.springframework.boot.web.embedded.tomcat.TomcatWebServer.start(TomcatWebServer.java:195) [spring-boot-2.1.6.RELEASE.jar:2.1.6.RELEASE]
	at org.springframework.boot.web.servlet.context.ServletWebServerApplicationContext.startWebServer(ServletWebServerApplicationContext.java:296) [spring-boot-2.1.6.RELEASE.jar:2.1.6.RELEASE]
	at org.springframework.boot.web.servlet.context.ServletWebServerApplicationContext.finishRefresh(ServletWebServerApplicationContext.java:162) [spring-boot-2.1.6.RELEASE.jar:2.1.6.RELEASE]
	at org.springframework.context.support.AbstractApplicationContext.refresh(AbstractApplicationContext.java:552) [spring-context-5.1.8.RELEASE.jar:5.1.8.RELEASE]
	at org.springframework.boot.web.servlet.context.ServletWebServerApplicationContext.refresh(ServletWebServerApplicationContext.java:140) [spring-boot-2.1.6.RELEASE.jar:2.1.6.RELEASE]
	at org.springframework.boot.SpringApplication.refresh(SpringApplication.java:742) [spring-boot-2.1.6.RELEASE.jar:2.1.6.RELEASE]
	at org.springframework.boot.SpringApplication.refreshContext(SpringApplication.java:389) [spring-boot-2.1.6.RELEASE.jar:2.1.6.RELEASE]
	at org.springframework.boot.SpringApplication.run(SpringApplication.java:311) [spring-boot-2.1.6.RELEASE.jar:2.1.6.RELEASE]
	at org.springframework.boot.SpringApplication.run(SpringApplication.java:1213) [spring-boot-2.1.6.RELEASE.jar:2.1.6.RELEASE]
	at org.springframework.boot.SpringApplication.run(SpringApplication.java:1202) [spring-boot-2.1.6.RELEASE.jar:2.1.6.RELEASE]
	at com.praveen.springbootreceipes.hello.HelloWorldApplication.main(HelloWorldApplication.java:9) [classes/:?]
	at sun.reflect.NativeMethodAccessorImpl.invoke0(Native Method) ~[?:1.8.0_131]
	at sun.reflect.NativeMethodAccessorImpl.invoke(NativeMethodAccessorImpl.java:62) ~[?:1.8.0_131]
	at sun.reflect.DelegatingMethodAccessorImpl.invoke(DelegatingMethodAccessorImpl.java:43) ~[?:1.8.0_131]
	at java.lang.reflect.Method.invoke(Method.java:498) ~[?:1.8.0_131]
	at org.springframework.boot.devtools.restart.RestartLauncher.run(RestartLauncher.java:49) [spring-boot-devtools-2.1.6.RELEASE.jar:2.1.6.RELEASE]
Caused by: java.net.BindException: Address already in use
	at sun.nio.ch.Net.bind0(Native Method) ~[?:1.8.0_131]
	at sun.nio.ch.Net.bind(Net.java:433) ~[?:1.8.0_131]
	at sun.nio.ch.Net.bind(Net.java:425) ~[?:1.8.0_131]
	at sun.nio.ch.ServerSocketChannelImpl.bind(ServerSocketChannelImpl.java:223) ~[?:1.8.0_131]
	at sun.nio.ch.ServerSocketAdaptor.bind(ServerSocketAdaptor.java:74) ~[?:1.8.0_131]
	at org.apache.tomcat.util.net.NioEndpoint.initServerSocket(NioEndpoint.java:230) ~[tomcat-embed-core-9.0.21.jar:9.0.21]
	at org.apache.tomcat.util.net.NioEndpoint.bind(NioEndpoint.java:213) ~[tomcat-embed-core-9.0.21.jar:9.0.21]
	at org.apache.tomcat.util.net.AbstractEndpoint.bindWithCleanup(AbstractEndpoint.java:1124) ~[tomcat-embed-core-9.0.21.jar:9.0.21]
	at org.apache.tomcat.util.net.AbstractEndpoint.start(AbstractEndpoint.java:1210) ~[tomcat-embed-core-9.0.21.jar:9.0.21]
	at org.apache.coyote.AbstractProtocol.start(AbstractProtocol.java:585) ~[tomcat-embed-core-9.0.21.jar:9.0.21]
	at org.apache.catalina.connector.Connector.startInternal(Connector.java:1005) ~[tomcat-embed-core-9.0.21.jar:9.0.21]
	... 19 more

2019-07-19 13:14:58.833  INFO 62341 --- [restartedMain] o.a.c.c.StandardService                  : Stopping service [Tomcat]
2019-07-19 13:14:58.844  INFO 62341 --- [restartedMain] ConditionEvaluationReportLoggingListener : 

Error starting ApplicationContext. To display the conditions report re-run your application with 'debug' enabled.
2019-07-19 13:14:58.847 ERROR 62341 --- [restartedMain] o.s.b.d.LoggingFailureAnalysisReporter   : 

***************************
APPLICATION FAILED TO START
***************************

Description:

The Tomcat connector configured to listen on port 8080 failed to start. The port may already be in use or the connector may be misconfigured.

Action:

Verify the connector's configuration, identify and stop any process that's listening on port 8080, or configure this application to listen on another port.

2019-07-19 13:14:58.850  INFO 62341 --- [restartedMain] o.s.s.c.ThreadPoolTaskExecutor           : Shutting down ExecutorService 'applicationTaskExecutor'
2019-07-19 13:15:32.505  INFO 62345 --- [restartedMain] c.p.s.h.HelloWorldApplication            : Starting HelloWorldApplication on Praveens-MBP-3.ad.moneygram.com with PID 62345 (/Users/moneygram-praveen/Desktop/SpringProjects/chapter1_1/target/classes started by moneygram-praveen in /Users/moneygram-praveen/Desktop/SpringProjects/chapter1_1)
2019-07-19 13:15:32.512  INFO 62345 --- [restartedMain] c.p.s.h.HelloWorldApplication            : No active profile set, falling back to default profiles: default
2019-07-19 13:15:32.554  INFO 62345 --- [restartedMain] .e.DevToolsPropertyDefaultsPostProcessor : Devtools property defaults active! Set 'spring.devtools.add-properties' to 'false' to disable
2019-07-19 13:15:32.554  INFO 62345 --- [restartedMain] .e.DevToolsPropertyDefaultsPostProcessor : For additional web related logging consider setting the 'logging.level.web' property to 'DEBUG'
2019-07-19 13:15:33.356  INFO 62345 --- [restartedMain] o.s.b.w.e.t.TomcatWebServer              : Tomcat initialized with port(s): 8080 (http)
2019-07-19 13:15:33.385  INFO 62345 --- [restartedMain] o.a.c.c.StandardService                  : Starting service [Tomcat]
2019-07-19 13:15:33.386  INFO 62345 --- [restartedMain] o.a.c.c.StandardEngine                   : Starting Servlet engine: [Apache Tomcat/9.0.21]
2019-07-19 13:15:33.469  INFO 62345 --- [restartedMain] o.a.c.c.C.[.[.[/]                        : Initializing Spring embedded WebApplicationContext
2019-07-19 13:15:33.469 DEBUG 62345 --- [restartedMain] o.s.w.c.ContextLoader                    : Published root WebApplicationContext as ServletContext attribute with name [org.springframework.web.context.WebApplicationContext.ROOT]
2019-07-19 13:15:33.469  INFO 62345 --- [restartedMain] o.s.w.c.ContextLoader                    : Root WebApplicationContext: initialization completed in 915 ms
2019-07-19 13:15:33.547 DEBUG 62345 --- [restartedMain] o.s.w.s.h.SimpleUrlHandlerMapping        : Patterns [/**/favicon.ico] in 'faviconHandlerMapping'
2019-07-19 13:15:33.628  INFO 62345 --- [restartedMain] o.s.s.c.ThreadPoolTaskExecutor           : Initializing ExecutorService 'applicationTaskExecutor'
2019-07-19 13:15:33.637 DEBUG 62345 --- [restartedMain] s.w.s.m.m.a.RequestMappingHandlerAdapter : ControllerAdvice beans: 0 @ModelAttribute, 0 @InitBinder, 1 RequestBodyAdvice, 1 ResponseBodyAdvice
2019-07-19 13:15:33.671 DEBUG 62345 --- [restartedMain] s.w.s.m.m.a.RequestMappingHandlerMapping : 2 mappings in 'requestMappingHandlerMapping'
2019-07-19 13:15:33.678 DEBUG 62345 --- [restartedMain] o.s.w.s.h.SimpleUrlHandlerMapping        : Patterns [/webjars/**, /**] in 'resourceHandlerMapping'
2019-07-19 13:15:33.684 DEBUG 62345 --- [restartedMain] .m.m.a.ExceptionHandlerExceptionResolver : ControllerAdvice beans: 0 @ExceptionHandler, 1 ResponseBodyAdvice
2019-07-19 13:15:33.741  INFO 62345 --- [restartedMain] o.s.b.d.a.OptionalLiveReloadServer       : LiveReload server is running on port 35729
2019-07-19 13:15:33.804  INFO 62345 --- [restartedMain] o.s.b.w.e.t.TomcatWebServer              : Tomcat started on port(s): 8080 (http) with context path ''
2019-07-19 13:15:33.808  INFO 62345 --- [restartedMain] c.p.s.h.HelloWorldApplication            : Started HelloWorldApplication in 1.733 seconds (JVM running for 2.419)
2019-07-19 13:16:26.390  INFO 62345 --- [http-nio-8080-exec-1] o.a.c.c.C.[.[.[/]                        : Initializing Spring DispatcherServlet 'dispatcherServlet'
2019-07-19 13:16:26.390  INFO 62345 --- [http-nio-8080-exec-1] o.s.w.s.DispatcherServlet                : Initializing Servlet 'dispatcherServlet'
2019-07-19 13:16:26.390 DEBUG 62345 --- [http-nio-8080-exec-1] o.s.w.s.DispatcherServlet                : Detected StandardServletMultipartResolver
2019-07-19 13:16:26.395 DEBUG 62345 --- [http-nio-8080-exec-1] o.s.w.s.DispatcherServlet                : enableLoggingRequestDetails='false': request parameters and headers will be masked to prevent unsafe logging of potentially sensitive data
2019-07-19 13:16:26.395  INFO 62345 --- [http-nio-8080-exec-1] o.s.w.s.DispatcherServlet                : Completed initialization in 5 ms
2019-07-19 13:16:26.403 DEBUG 62345 --- [http-nio-8080-exec-1] o.s.w.s.DispatcherServlet                : GET "/", parameters={}
2019-07-19 13:16:26.408 DEBUG 62345 --- [http-nio-8080-exec-1] o.s.w.s.h.SimpleUrlHandlerMapping        : Mapped to ResourceHttpRequestHandler ["classpath:/META-INF/resources/", "classpath:/resources/", "classpath:/static/", "classpath:/public/", "/"]
2019-07-19 13:16:26.409 DEBUG 62345 --- [http-nio-8080-exec-1] o.s.w.s.r.ResourceHttpRequestHandler     : Resource not found
2019-07-19 13:16:26.409 DEBUG 62345 --- [http-nio-8080-exec-1] o.s.w.s.DispatcherServlet                : Completed 404 NOT_FOUND
2019-07-19 13:16:26.414 DEBUG 62345 --- [http-nio-8080-exec-1] o.s.w.s.DispatcherServlet                : "ERROR" dispatch for GET "/error", parameters={}
2019-07-19 13:16:26.416 DEBUG 62345 --- [http-nio-8080-exec-1] s.w.s.m.m.a.RequestMappingHandlerMapping : Mapped to public org.springframework.web.servlet.ModelAndView org.springframework.boot.autoconfigure.web.servlet.error.BasicErrorController.errorHtml(javax.servlet.http.HttpServletRequest,javax.servlet.http.HttpServletResponse)
2019-07-19 13:16:26.430 DEBUG 62345 --- [http-nio-8080-exec-1] o.s.w.s.v.ContentNegotiatingViewResolver : Selected 'text/html' given [text/html, text/html;q=0.8]
2019-07-19 13:16:26.434 DEBUG 62345 --- [http-nio-8080-exec-1] o.s.w.s.DispatcherServlet                : Exiting from "ERROR" dispatch, status 404
2019-07-19 13:16:27.025 DEBUG 62345 --- [http-nio-8080-exec-2] o.s.w.s.DispatcherServlet                : GET "/favicon.ico", parameters={}
2019-07-19 13:16:27.026 DEBUG 62345 --- [http-nio-8080-exec-2] o.s.w.s.h.SimpleUrlHandlerMapping        : Mapped to ResourceHttpRequestHandler [class path resource [META-INF/resources/], class path resource [resources/], class path resource [static/], class path resource [public/], ServletContext resource [/], class path resource []]
2019-07-19 13:16:27.046 DEBUG 62345 --- [http-nio-8080-exec-2] o.s.w.s.DispatcherServlet                : Completed 200 OK
2019-07-19 13:18:40.543 DEBUG 62345 --- [http-nio-8080-exec-5] o.s.w.s.DispatcherServlet                : GET "/", parameters={}
2019-07-19 13:18:40.544 DEBUG 62345 --- [http-nio-8080-exec-5] o.s.w.s.h.SimpleUrlHandlerMapping        : Mapped to ResourceHttpRequestHandler ["classpath:/META-INF/resources/", "classpath:/resources/", "classpath:/static/", "classpath:/public/", "/"]
2019-07-19 13:18:40.544 DEBUG 62345 --- [http-nio-8080-exec-5] o.s.w.s.r.ResourceHttpRequestHandler     : Resource not found
2019-07-19 13:18:40.545 DEBUG 62345 --- [http-nio-8080-exec-5] o.s.w.s.DispatcherServlet                : Completed 404 NOT_FOUND
2019-07-19 13:18:40.545 DEBUG 62345 --- [http-nio-8080-exec-5] o.s.w.s.DispatcherServlet                : "ERROR" dispatch for GET "/error", parameters={}
2019-07-19 13:18:40.546 DEBUG 62345 --- [http-nio-8080-exec-5] s.w.s.m.m.a.RequestMappingHandlerMapping : Mapped to public org.springframework.web.servlet.ModelAndView org.springframework.boot.autoconfigure.web.servlet.error.BasicErrorController.errorHtml(javax.servlet.http.HttpServletRequest,javax.servlet.http.HttpServletResponse)
2019-07-19 13:18:40.551 DEBUG 62345 --- [http-nio-8080-exec-5] o.s.w.s.v.ContentNegotiatingViewResolver : Selected 'text/html' given [text/html, text/html;q=0.8]
2019-07-19 13:18:40.552 DEBUG 62345 --- [http-nio-8080-exec-5] o.s.w.s.DispatcherServlet                : Exiting from "ERROR" dispatch, status 404
2019-07-19 13:18:50.635  INFO 62345 --- [Thread-12] o.s.s.c.ThreadPoolTaskExecutor           : Shutting down ExecutorService 'applicationTaskExecutor'
2019-07-19 13:18:54.158  INFO 62373 --- [restartedMain] c.p.s.h.HelloWorldApplication            : Starting HelloWorldApplication on Praveens-MBP-3.ad.moneygram.com with PID 62373 (/Users/moneygram-praveen/Desktop/SpringProjects/chapter1_1/target/classes started by moneygram-praveen in /Users/moneygram-praveen/Desktop/SpringProjects/chapter1_1)
2019-07-19 13:18:54.164  INFO 62373 --- [restartedMain] c.p.s.h.HelloWorldApplication            : No active profile set, falling back to default profiles: default
2019-07-19 13:18:54.216  INFO 62373 --- [restartedMain] .e.DevToolsPropertyDefaultsPostProcessor : Devtools property defaults active! Set 'spring.devtools.add-properties' to 'false' to disable
2019-07-19 13:18:54.216  INFO 62373 --- [restartedMain] .e.DevToolsPropertyDefaultsPostProcessor : For additional web related logging consider setting the 'logging.level.web' property to 'DEBUG'
2019-07-19 13:18:55.081  INFO 62373 --- [restartedMain] o.s.b.w.e.t.TomcatWebServer              : Tomcat initialized with port(s): 8080 (http)
2019-07-19 13:18:55.122  INFO 62373 --- [restartedMain] o.a.c.c.StandardService                  : Starting service [Tomcat]
2019-07-19 13:18:55.123  INFO 62373 --- [restartedMain] o.a.c.c.StandardEngine                   : Starting Servlet engine: [Apache Tomcat/9.0.21]
2019-07-19 13:18:55.191  INFO 62373 --- [restartedMain] o.a.c.c.C.[.[.[/]                        : Initializing Spring embedded WebApplicationContext
2019-07-19 13:18:55.191 DEBUG 62373 --- [restartedMain] o.s.w.c.ContextLoader                    : Published root WebApplicationContext as ServletContext attribute with name [org.springframework.web.context.WebApplicationContext.ROOT]
2019-07-19 13:18:55.192  INFO 62373 --- [restartedMain] o.s.w.c.ContextLoader                    : Root WebApplicationContext: initialization completed in 976 ms
2019-07-19 13:18:55.264 DEBUG 62373 --- [restartedMain] o.s.w.s.h.SimpleUrlHandlerMapping        : Patterns [/**/favicon.ico] in 'faviconHandlerMapping'
2019-07-19 13:18:55.344  INFO 62373 --- [restartedMain] o.s.s.c.ThreadPoolTaskExecutor           : Initializing ExecutorService 'applicationTaskExecutor'
2019-07-19 13:18:55.352 DEBUG 62373 --- [restartedMain] s.w.s.m.m.a.RequestMappingHandlerAdapter : ControllerAdvice beans: 0 @ModelAttribute, 0 @InitBinder, 1 RequestBodyAdvice, 1 ResponseBodyAdvice
2019-07-19 13:18:55.387 DEBUG 62373 --- [restartedMain] s.w.s.m.m.a.RequestMappingHandlerMapping : 3 mappings in 'requestMappingHandlerMapping'
2019-07-19 13:18:55.394 DEBUG 62373 --- [restartedMain] o.s.w.s.h.SimpleUrlHandlerMapping        : Patterns [/webjars/**, /**] in 'resourceHandlerMapping'
2019-07-19 13:18:55.399 DEBUG 62373 --- [restartedMain] .m.m.a.ExceptionHandlerExceptionResolver : ControllerAdvice beans: 0 @ExceptionHandler, 1 ResponseBodyAdvice
2019-07-19 13:18:55.454  INFO 62373 --- [restartedMain] o.s.b.d.a.OptionalLiveReloadServer       : LiveReload server is running on port 35729
2019-07-19 13:18:55.507  INFO 62373 --- [restartedMain] o.s.b.w.e.t.TomcatWebServer              : Tomcat started on port(s): 8080 (http) with context path ''
2019-07-19 13:18:55.510  INFO 62373 --- [restartedMain] c.p.s.h.HelloWorldApplication            : Started HelloWorldApplication in 1.768 seconds (JVM running for 2.4)
2019-07-19 13:18:59.939  INFO 62373 --- [http-nio-8080-exec-1] o.a.c.c.C.[.[.[/]                        : Initializing Spring DispatcherServlet 'dispatcherServlet'
2019-07-19 13:18:59.939  INFO 62373 --- [http-nio-8080-exec-1] o.s.w.s.DispatcherServlet                : Initializing Servlet 'dispatcherServlet'
2019-07-19 13:18:59.939 DEBUG 62373 --- [http-nio-8080-exec-1] o.s.w.s.DispatcherServlet                : Detected StandardServletMultipartResolver
2019-07-19 13:18:59.943 DEBUG 62373 --- [http-nio-8080-exec-1] o.s.w.s.DispatcherServlet                : enableLoggingRequestDetails='false': request parameters and headers will be masked to prevent unsafe logging of potentially sensitive data
2019-07-19 13:18:59.944  INFO 62373 --- [http-nio-8080-exec-1] o.s.w.s.DispatcherServlet                : Completed initialization in 5 ms
2019-07-19 13:18:59.951 DEBUG 62373 --- [http-nio-8080-exec-1] o.s.w.s.DispatcherServlet                : GET "/", parameters={}
2019-07-19 13:18:59.954 DEBUG 62373 --- [http-nio-8080-exec-1] s.w.s.m.m.a.RequestMappingHandlerMapping : Mapped to public java.lang.String com.praveen.springbootreceipes.hello.HelloWorldController.sayHello()
2019-07-19 13:18:59.974 DEBUG 62373 --- [http-nio-8080-exec-1] o.s.w.s.v.ContentNegotiatingViewResolver : Selected 'text/html' given [text/html, application/xhtml+xml, image/webp, image/apng, application/signed-exchange;v=b3, application/xml;q=0.9, */*;q=0.8]
2019-07-19 13:18:59.974 DEBUG 62373 --- [http-nio-8080-exec-1] o.s.w.s.v.InternalResourceView           : View name 'Hello World', model {}
2019-07-19 13:18:59.976 DEBUG 62373 --- [http-nio-8080-exec-1] o.s.w.s.v.InternalResourceView           : Forwarding to [Hello World]
2019-07-19 13:18:59.978 DEBUG 62373 --- [http-nio-8080-exec-1] o.s.w.s.DispatcherServlet                : "FORWARD" dispatch for GET "/Hello World", parameters={}
2019-07-19 13:18:59.980 DEBUG 62373 --- [http-nio-8080-exec-1] o.s.w.s.h.SimpleUrlHandlerMapping        : Mapped to ResourceHttpRequestHandler ["classpath:/META-INF/resources/", "classpath:/resources/", "classpath:/static/", "classpath:/public/", "/"]
2019-07-19 13:18:59.981 DEBUG 62373 --- [http-nio-8080-exec-1] o.s.w.s.r.ResourceHttpRequestHandler     : Resource not found
2019-07-19 13:18:59.982 DEBUG 62373 --- [http-nio-8080-exec-1] o.s.w.s.DispatcherServlet                : Exiting from "FORWARD" dispatch, status 404
2019-07-19 13:18:59.983 DEBUG 62373 --- [http-nio-8080-exec-1] o.s.w.s.DispatcherServlet                : Completed 404 NOT_FOUND
2019-07-19 13:18:59.983 DEBUG 62373 --- [http-nio-8080-exec-1] o.s.w.s.DispatcherServlet                : "ERROR" dispatch for GET "/error", parameters={}
2019-07-19 13:18:59.985 DEBUG 62373 --- [http-nio-8080-exec-1] s.w.s.m.m.a.RequestMappingHandlerMapping : Mapped to public org.springframework.web.servlet.ModelAndView org.springframework.boot.autoconfigure.web.servlet.error.BasicErrorController.errorHtml(javax.servlet.http.HttpServletRequest,javax.servlet.http.HttpServletResponse)
2019-07-19 13:18:59.992 DEBUG 62373 --- [http-nio-8080-exec-1] o.s.w.s.v.ContentNegotiatingViewResolver : Selected 'text/html' given [text/html, text/html;q=0.8]
2019-07-19 13:18:59.995 DEBUG 62373 --- [http-nio-8080-exec-1] o.s.w.s.DispatcherServlet                : Exiting from "ERROR" dispatch, status 404
2019-07-19 13:19:00.240 DEBUG 62373 --- [http-nio-8080-exec-2] o.s.w.s.DispatcherServlet                : GET "/favicon.ico", parameters={}
2019-07-19 13:19:00.240 DEBUG 62373 --- [http-nio-8080-exec-2] o.s.w.s.h.SimpleUrlHandlerMapping        : Mapped to ResourceHttpRequestHandler [class path resource [META-INF/resources/], class path resource [resources/], class path resource [static/], class path resource [public/], ServletContext resource [/], class path resource []]
2019-07-19 13:19:00.256 DEBUG 62373 --- [http-nio-8080-exec-2] o.s.w.s.DispatcherServlet                : Completed 200 OK
2019-07-19 13:19:18.899  INFO 62373 --- [Thread-12] o.s.s.c.ThreadPoolTaskExecutor           : Shutting down ExecutorService 'applicationTaskExecutor'
2019-07-19 13:19:23.768  INFO 62379 --- [restartedMain] c.p.s.h.HelloWorldApplication            : Starting HelloWorldApplication on Praveens-MBP-3.ad.moneygram.com with PID 62379 (/Users/moneygram-praveen/Desktop/SpringProjects/chapter1_1/target/classes started by moneygram-praveen in /Users/moneygram-praveen/Desktop/SpringProjects/chapter1_1)
2019-07-19 13:19:23.775  INFO 62379 --- [restartedMain] c.p.s.h.HelloWorldApplication            : No active profile set, falling back to default profiles: default
2019-07-19 13:19:23.813  INFO 62379 --- [restartedMain] .e.DevToolsPropertyDefaultsPostProcessor : Devtools property defaults active! Set 'spring.devtools.add-properties' to 'false' to disable
2019-07-19 13:19:23.813  INFO 62379 --- [restartedMain] .e.DevToolsPropertyDefaultsPostProcessor : For additional web related logging consider setting the 'logging.level.web' property to 'DEBUG'
2019-07-19 13:19:24.626  INFO 62379 --- [restartedMain] o.s.b.w.e.t.TomcatWebServer              : Tomcat initialized with port(s): 8080 (http)
2019-07-19 13:19:24.655  INFO 62379 --- [restartedMain] o.a.c.c.StandardService                  : Starting service [Tomcat]
2019-07-19 13:19:24.656  INFO 62379 --- [restartedMain] o.a.c.c.StandardEngine                   : Starting Servlet engine: [Apache Tomcat/9.0.21]
2019-07-19 13:19:24.740  INFO 62379 --- [restartedMain] o.a.c.c.C.[.[.[/]                        : Initializing Spring embedded WebApplicationContext
2019-07-19 13:19:24.740 DEBUG 62379 --- [restartedMain] o.s.w.c.ContextLoader                    : Published root WebApplicationContext as ServletContext attribute with name [org.springframework.web.context.WebApplicationContext.ROOT]
2019-07-19 13:19:24.741  INFO 62379 --- [restartedMain] o.s.w.c.ContextLoader                    : Root WebApplicationContext: initialization completed in 928 ms
2019-07-19 13:19:24.815 DEBUG 62379 --- [restartedMain] o.s.w.s.h.SimpleUrlHandlerMapping        : Patterns [/**/favicon.ico] in 'faviconHandlerMapping'
2019-07-19 13:19:24.896  INFO 62379 --- [restartedMain] o.s.s.c.ThreadPoolTaskExecutor           : Initializing ExecutorService 'applicationTaskExecutor'
2019-07-19 13:19:24.904 DEBUG 62379 --- [restartedMain] s.w.s.m.m.a.RequestMappingHandlerAdapter : ControllerAdvice beans: 0 @ModelAttribute, 0 @InitBinder, 1 RequestBodyAdvice, 1 ResponseBodyAdvice
2019-07-19 13:19:24.938 DEBUG 62379 --- [restartedMain] s.w.s.m.m.a.RequestMappingHandlerMapping : 3 mappings in 'requestMappingHandlerMapping'
2019-07-19 13:19:24.945 DEBUG 62379 --- [restartedMain] o.s.w.s.h.SimpleUrlHandlerMapping        : Patterns [/webjars/**, /**] in 'resourceHandlerMapping'
2019-07-19 13:19:24.950 DEBUG 62379 --- [restartedMain] .m.m.a.ExceptionHandlerExceptionResolver : ControllerAdvice beans: 0 @ExceptionHandler, 1 ResponseBodyAdvice
2019-07-19 13:19:25.005  INFO 62379 --- [restartedMain] o.s.b.d.a.OptionalLiveReloadServer       : LiveReload server is running on port 35729
2019-07-19 13:19:25.058  INFO 62379 --- [restartedMain] o.s.b.w.e.t.TomcatWebServer              : Tomcat started on port(s): 8080 (http) with context path ''
2019-07-19 13:19:25.062  INFO 62379 --- [restartedMain] c.p.s.h.HelloWorldApplication            : Started HelloWorldApplication in 1.703 seconds (JVM running for 2.399)
2019-07-19 13:19:31.770  INFO 62379 --- [http-nio-8080-exec-1] o.a.c.c.C.[.[.[/]                        : Initializing Spring DispatcherServlet 'dispatcherServlet'
2019-07-19 13:19:31.770  INFO 62379 --- [http-nio-8080-exec-1] o.s.w.s.DispatcherServlet                : Initializing Servlet 'dispatcherServlet'
2019-07-19 13:19:31.770 DEBUG 62379 --- [http-nio-8080-exec-1] o.s.w.s.DispatcherServlet                : Detected StandardServletMultipartResolver
2019-07-19 13:19:31.775 DEBUG 62379 --- [http-nio-8080-exec-1] o.s.w.s.DispatcherServlet                : enableLoggingRequestDetails='false': request parameters and headers will be masked to prevent unsafe logging of potentially sensitive data
2019-07-19 13:19:31.775  INFO 62379 --- [http-nio-8080-exec-1] o.s.w.s.DispatcherServlet                : Completed initialization in 5 ms
2019-07-19 13:19:31.782 DEBUG 62379 --- [http-nio-8080-exec-1] o.s.w.s.DispatcherServlet                : GET "/", parameters={}
2019-07-19 13:19:31.785 DEBUG 62379 --- [http-nio-8080-exec-1] s.w.s.m.m.a.RequestMappingHandlerMapping : Mapped to public java.lang.String com.praveen.springbootreceipes.hello.HelloWorldController.sayHello()
2019-07-19 13:19:31.809 DEBUG 62379 --- [http-nio-8080-exec-1] m.m.a.RequestResponseBodyMethodProcessor : Using 'text/html', given [text/html, application/xhtml+xml, image/webp, image/apng, application/signed-exchange;v=b3, application/xml;q=0.9, */*;q=0.8] and supported [text/plain, */*, text/plain, */*, application/json, application/*+json, application/json, application/*+json]
2019-07-19 13:19:31.810 DEBUG 62379 --- [http-nio-8080-exec-1] m.m.a.RequestResponseBodyMethodProcessor : Writing ["Hello World"]
2019-07-19 13:19:31.816 DEBUG 62379 --- [http-nio-8080-exec-1] o.s.w.s.DispatcherServlet                : Completed 200 OK
2019-07-19 13:22:08.843 DEBUG 62379 --- [http-nio-8080-exec-4] o.s.w.s.DispatcherServlet                : GET "/", parameters={}
2019-07-19 13:22:08.843 DEBUG 62379 --- [http-nio-8080-exec-4] s.w.s.m.m.a.RequestMappingHandlerMapping : Mapped to public java.lang.String com.praveen.springbootreceipes.hello.HelloWorldController.sayHello()
2019-07-19 13:22:08.844 DEBUG 62379 --- [http-nio-8080-exec-4] m.m.a.RequestResponseBodyMethodProcessor : Using 'text/plain', given [*/*] and supported [text/plain, */*, text/plain, */*, application/json, application/*+json, application/json, application/*+json]
2019-07-19 13:22:08.844 DEBUG 62379 --- [http-nio-8080-exec-4] m.m.a.RequestResponseBodyMethodProcessor : Writing ["Hello World"]
2019-07-19 13:22:08.845 DEBUG 62379 --- [http-nio-8080-exec-4] o.s.w.s.DispatcherServlet                : Completed 200 OK
2019-07-19 13:28:10.137  INFO 62432 --- [main] c.p.s.h.HelloWorldControllerTest         : Starting HelloWorldControllerTest on Praveens-MBP-3.ad.moneygram.com with PID 62432 (started by moneygram-praveen in /Users/moneygram-praveen/Desktop/SpringProjects/chapter1_1)
2019-07-19 13:28:10.149  INFO 62432 --- [main] c.p.s.h.HelloWorldControllerTest         : No active profile set, falling back to default profiles: default
2019-07-19 13:28:10.166 DEBUG 62432 --- [main] o.s.w.c.s.GenericWebApplicationContext   : Refreshing org.springframework.web.context.support.GenericWebApplicationContext@432038ec
2019-07-19 13:28:11.032 DEBUG 62432 --- [main] o.s.w.s.h.SimpleUrlHandlerMapping        : Patterns [/**/favicon.ico] in 'faviconHandlerMapping'
2019-07-19 13:28:11.257  INFO 62432 --- [main] o.s.s.c.ThreadPoolTaskExecutor           : Initializing ExecutorService 'applicationTaskExecutor'
2019-07-19 13:28:11.271 DEBUG 62432 --- [main] s.w.s.m.m.a.RequestMappingHandlerAdapter : ControllerAdvice beans: 0 @ModelAttribute, 0 @InitBinder, 1 RequestBodyAdvice, 1 ResponseBodyAdvice
2019-07-19 13:28:11.335 DEBUG 62432 --- [main] s.w.s.m.m.a.RequestMappingHandlerMapping : 3 mappings in 'requestMappingHandlerMapping'
2019-07-19 13:28:11.353 DEBUG 62432 --- [main] o.s.w.s.h.SimpleUrlHandlerMapping        : Patterns [/webjars/**, /**] in 'resourceHandlerMapping'
2019-07-19 13:28:11.362 DEBUG 62432 --- [main] .m.m.a.ExceptionHandlerExceptionResolver : ControllerAdvice beans: 0 @ExceptionHandler, 1 ResponseBodyAdvice
2019-07-19 13:28:11.447  INFO 62432 --- [main] o.s.b.t.m.w.SpringBootMockServletContext : Initializing Spring TestDispatcherServlet ''
2019-07-19 13:28:11.447  INFO 62432 --- [main] o.s.t.w.s.TestDispatcherServlet          : Initializing Servlet ''
2019-07-19 13:28:11.458  INFO 62432 --- [main] o.s.t.w.s.TestDispatcherServlet          : Completed initialization in 11 ms
2019-07-19 13:28:11.491  INFO 62432 --- [main] c.p.s.h.HelloWorldControllerTest         : Started HelloWorldControllerTest in 1.838 seconds (JVM running for 2.905)
2019-07-19 13:28:11.738 DEBUG 62432 --- [main] s.w.s.m.m.a.RequestMappingHandlerMapping : Mapped to public java.lang.String com.praveen.springbootreceipes.hello.HelloWorldController.sayHello()
2019-07-19 13:28:11.759 DEBUG 62432 --- [main] m.m.a.RequestResponseBodyMethodProcessor : Using 'text/plain', given [*/*] and supported [text/plain, */*, text/plain, */*, application/json, application/*+json, application/json, application/*+json]
2019-07-19 13:28:11.760 DEBUG 62432 --- [main] m.m.a.RequestResponseBodyMethodProcessor : Writing ["Hello World"]
2019-07-19 13:28:11.774 DEBUG 62432 --- [Thread-3] o.s.w.c.s.GenericWebApplicationContext   : Closing org.springframework.web.context.support.GenericWebApplicationContext@432038ec, started on Fri Jul 19 13:28:10 CDT 2019
2019-07-19 13:28:11.775  INFO 62432 --- [Thread-3] o.s.s.c.ThreadPoolTaskExecutor           : Shutting down ExecutorService 'applicationTaskExecutor'
2019-07-19 13:28:25.973  INFO 62435 --- [main] c.p.s.h.HelloWorldControllerTest         : Starting HelloWorldControllerTest on Praveens-MBP-3.ad.moneygram.com with PID 62435 (started by moneygram-praveen in /Users/moneygram-praveen/Desktop/SpringProjects/chapter1_1)
2019-07-19 13:28:25.980  INFO 62435 --- [main] c.p.s.h.HelloWorldControllerTest         : No active profile set, falling back to default profiles: default
2019-07-19 13:28:25.997 DEBUG 62435 --- [main] o.s.w.c.s.GenericWebApplicationContext   : Refreshing org.springframework.web.context.support.GenericWebApplicationContext@432038ec
2019-07-19 13:28:26.782 DEBUG 62435 --- [main] o.s.w.s.h.SimpleUrlHandlerMapping        : Patterns [/**/favicon.ico] in 'faviconHandlerMapping'
2019-07-19 13:28:26.989  INFO 62435 --- [main] o.s.s.c.ThreadPoolTaskExecutor           : Initializing ExecutorService 'applicationTaskExecutor'
2019-07-19 13:28:27.014 DEBUG 62435 --- [main] s.w.s.m.m.a.RequestMappingHandlerAdapter : ControllerAdvice beans: 0 @ModelAttribute, 0 @InitBinder, 1 RequestBodyAdvice, 1 ResponseBodyAdvice
2019-07-19 13:28:27.078 DEBUG 62435 --- [main] s.w.s.m.m.a.RequestMappingHandlerMapping : 3 mappings in 'requestMappingHandlerMapping'
2019-07-19 13:28:27.100 DEBUG 62435 --- [main] o.s.w.s.h.SimpleUrlHandlerMapping        : Patterns [/webjars/**, /**] in 'resourceHandlerMapping'
2019-07-19 13:28:27.110 DEBUG 62435 --- [main] .m.m.a.ExceptionHandlerExceptionResolver : ControllerAdvice beans: 0 @ExceptionHandler, 1 ResponseBodyAdvice
2019-07-19 13:28:27.205  INFO 62435 --- [main] o.s.b.t.m.w.SpringBootMockServletContext : Initializing Spring TestDispatcherServlet ''
2019-07-19 13:28:27.205  INFO 62435 --- [main] o.s.t.w.s.TestDispatcherServlet          : Initializing Servlet ''
2019-07-19 13:28:27.217  INFO 62435 --- [main] o.s.t.w.s.TestDispatcherServlet          : Completed initialization in 12 ms
2019-07-19 13:28:27.250  INFO 62435 --- [main] c.p.s.h.HelloWorldControllerTest         : Started HelloWorldControllerTest in 1.729 seconds (JVM running for 2.802)
2019-07-19 13:28:27.476 DEBUG 62435 --- [main] s.w.s.m.m.a.RequestMappingHandlerMapping : Mapped to public java.lang.String com.praveen.springbootreceipes.hello.HelloWorldController.sayHello()
2019-07-19 13:28:27.495 DEBUG 62435 --- [main] m.m.a.RequestResponseBodyMethodProcessor : Using 'text/plain', given [*/*] and supported [text/plain, */*, text/plain, */*, application/json, application/*+json, application/json, application/*+json]
2019-07-19 13:28:27.496 DEBUG 62435 --- [main] m.m.a.RequestResponseBodyMethodProcessor : Writing ["Hello World"]
2019-07-19 13:28:27.514 DEBUG 62435 --- [Thread-3] o.s.w.c.s.GenericWebApplicationContext   : Closing org.springframework.web.context.support.GenericWebApplicationContext@432038ec, started on Fri Jul 19 13:28:25 CDT 2019
2019-07-19 13:28:27.515  INFO 62435 --- [Thread-3] o.s.s.c.ThreadPoolTaskExecutor           : Shutting down ExecutorService 'applicationTaskExecutor'
2019-07-19 13:32:38.212  INFO 62379 --- [Thread-12] o.s.s.c.ThreadPoolTaskExecutor           : Shutting down ExecutorService 'applicationTaskExecutor'
